<?xml version="1.0" encoding="UTF-8"?>
<testng-results ignored="0" total="1" passed="1" failed="0" skipped="0">
  <reporter-output>
  </reporter-output>
  <suite started-at="2023-07-12T08:18:20Z" name="Default suite" finished-at="2023-07-12T08:18:28Z" duration-ms="8179">
    <groups>
    </groups>
    <test started-at="2023-07-12T08:18:20Z" name="Default test" finished-at="2023-07-12T08:18:28Z" duration-ms="8179">
      <class name="com.interview.AutomationTesting">
        <test-method signature="test()[pri:0, instance:com.interview.AutomationTesting@1e44b638]" started-at="2023-07-12T08:18:20Z" name="test" finished-at="2023-07-12T08:18:28Z" duration-ms="8138" status="PASS">
          <reporter-output>
          </reporter-output>
        </test-method> <!-- test -->
      </class> <!-- com.interview.AutomationTesting -->
    </test> <!-- Default test -->
  </suite> <!-- Default suite -->
</testng-results>
