<?xml version="1.0" encoding="UTF-8"?>
<testng-results ignored="0" total="1" passed="1" failed="0" skipped="0">
  <reporter-output>
  </reporter-output>
  <suite started-at="2024-01-01T15:07:43Z" name="Default suite" finished-at="2024-01-01T15:08:07Z" duration-ms="24042">
    <groups>
    </groups>
    <test started-at="2024-01-01T15:07:43Z" name="Default test" finished-at="2024-01-01T15:08:07Z" duration-ms="24042">
      <class name="com.interview.WebDriver">
        <test-method signature="get()[pri:0, instance:com.interview.WebDriver@176b75f7]" started-at="2024-01-01T15:07:43Z" name="get" finished-at="2024-01-01T15:08:07Z" duration-ms="23982" status="PASS">
          <reporter-output>
          </reporter-output>
        </test-method> <!-- get -->
      </class> <!-- com.interview.WebDriver -->
    </test> <!-- Default test -->
  </suite> <!-- Default suite -->
</testng-results>
